<?xml version="1.0" encoding="UTF-8"?>
<!-- Generated by org.testng.reporters.JUnitReportReporter -->
<testsuite hostname="LAPTOP-3A1RBM06" failures="0" tests="1" name="mytest.MyTestNg" time="4.588" errors="0" timestamp="2025-05-25T11:20:59 EDT" skipped="0">
  <testcase classname="mytest.MyTestNg" name="myFirstSeleniumTest" time="4.588"/>
</testsuite> <!-- mytest.MyTestNg -->
