<?xml version="1.0" encoding="UTF-8"?>
<!-- Generated by org.testng.reporters.JUnitReportReporter -->
<testsuite hostname="LAPTOP-3A1RBM06" failures="0" tests="1" name="alerts.HandleAlerts" time="5.284" errors="0" timestamp="2025-05-26T21:41:40 EDT" skipped="0">
  <testcase classname="alerts.HandleAlerts" name="jsAlerts" time="5.284"/>
</testsuite> <!-- alerts.HandleAlerts -->
