<?xml version="1.0" encoding="UTF-8"?>
<!-- Generated by org.testng.reporters.JUnitReportReporter -->
<testsuite hostname="LAPTOP-3A1RBM06" failures="0" tests="1" name="toolshoptestcase.toolShopLogin" time="4.736" errors="0" timestamp="2025-05-27T23:46:54 EDT" skipped="0">
  <testcase classname="toolshoptestcase.toolShopLogin" name="shopLogin" time="4.736"/>
</testsuite> <!-- toolshoptestcase.toolShopLogin -->
