<?xml version="1.0" encoding="UTF-8"?>
<!-- Generated by org.testng.reporters.JUnitReportReporter -->
<testsuite hostname="LAPTOP-3A1RBM06" failures="0" tests="1" name="toolshoptestcase.toolShopLogin" time="3.633" errors="0" timestamp="2025-05-27T23:35:36 EDT" skipped="0">
  <testcase classname="toolshoptestcase.toolShopLogin" name="shopLogin" time="3.633"/>
</testsuite> <!-- toolshoptestcase.toolShopLogin -->
