<?xml version="1.0" encoding="UTF-8"?>
<!-- Generated by org.testng.reporters.JUnitReportReporter -->
<testsuite hostname="LAPTOP-3A1RBM06" failures="0" tests="1" name="mytest.MyTestNg" time="6.669" errors="0" timestamp="2025-05-23T22:31:26 EDT" skipped="0">
  <testcase classname="mytest.MyTestNg" name="myFirstSeleniumTest" time="6.669"/>
</testsuite> <!-- mytest.MyTestNg -->
