<?xml version="1.0" encoding="UTF-8"?>
<!-- Generated by org.testng.reporters.JUnitReportReporter -->
<testsuite hostname="LAPTOP-3A1RBM06" failures="0" tests="1" name="alerts.julyAssign1" time="5.585" errors="0" timestamp="2025-08-20T15:32:41 EDT" skipped="0">
  <testcase classname="alerts.julyAssign1" name="get" time="5.585"/>
</testsuite> <!-- alerts.julyAssign1 -->
