<?xml version="1.0" encoding="UTF-8"?>
<!-- Generated by org.testng.reporters.JUnitReportReporter -->
<testsuite hostname="LAPTOP-3A1RBM06" failures="0" tests="1" name="winhandles.DemoToolsQa" time="6.410" errors="0" timestamp="2025-08-11T23:38:12 EDT" skipped="0">
  <testcase classname="winhandles.DemoToolsQa" name="test" time="6.410"/>
</testsuite> <!-- winhandles.DemoToolsQa -->
