<?xml version="1.0" encoding="UTF-8"?>
<!-- Generated by org.testng.reporters.JUnitReportReporter -->
<testsuite hostname="LAPTOP-3A1RBM06" failures="0" tests="1" name="browsernavigation.BrowserNavigationTest" time="2.571" errors="0" timestamp="2025-05-26T15:30:22 EDT" skipped="0">
  <testcase classname="browsernavigation.BrowserNavigationTest" name="testNavigation" time="2.571"/>
</testsuite> <!-- browsernavigation.BrowserNavigationTest -->
