<?xml version="1.0" encoding="UTF-8"?>
<!-- Generated by org.testng.reporters.JUnitReportReporter -->
<testsuite hostname="LAPTOP-3A1RBM06" failures="0" tests="2" name="alerts.HandleAlerts" time="9.076" errors="0" timestamp="2025-05-27T15:44:15 EDT" skipped="0">
  <testcase classname="alerts.HandleAlerts" name="jsAlerts" time="4.548"/>
  <testcase classname="alerts.HandleAlerts" name="jsConfirms" time="4.528"/>
</testsuite> <!-- alerts.HandleAlerts -->
