<?xml version="1.0" encoding="UTF-8"?>
<!-- Generated by org.testng.reporters.JUnitReportReporter -->
<testsuite hostname="LAPTOP-3A1RBM06" failures="0" tests="1" name="toolshoptestcase.toolShopLogin" time="11.958" errors="0" timestamp="2025-05-28T21:32:34 EDT" skipped="0">
  <testcase classname="toolshoptestcase.toolShopLogin" name="shopLogin" time="11.958"/>
</testsuite> <!-- toolshoptestcase.toolShopLogin -->
